This is pdfTeX, Version 3.14159265-2.6-1.40.18 (TeX Live 2017/MacPorts 2017_1) (preloaded format=pdflatex 2017.10.6)  3 JUL 2018 23:42
entering extended mode
 restricted \write18 enabled.
 %&-line parsing enabled.
**Research.tex
(./Research.tex
LaTeX2e <2017-04-15>
Babel <3.10> and hyphenation patterns for 84 language(s) loaded.
(/opt/local/share/texmf-texlive/tex/latex/base/article.cls
Document Class: article 2014/09/29 v1.4h Standard LaTeX document class
(/opt/local/share/texmf-texlive/tex/latex/base/size10.clo
File: size10.clo 2014/09/29 v1.4h Standard LaTeX file (size option)
)
\c@part=\count79
\c@section=\count80
\c@subsection=\count81
\c@subsubsection=\count82
\c@paragraph=\count83
\c@subparagraph=\count84
\c@figure=\count85
\c@table=\count86
\abovecaptionskip=\skip41
\belowcaptionskip=\skip42
\bibindent=\dimen102
)
(/opt/local/share/texmf-texlive/tex/latex/amsmath/amsmath.sty
Package: amsmath 2016/11/05 v2.16a AMS math features
\@mathmargin=\skip43

For additional information on amsmath, use the `?' option.
(/opt/local/share/texmf-texlive/tex/latex/amsmath/amstext.sty
Package: amstext 2000/06/29 v2.01 AMS text

(/opt/local/share/texmf-texlive/tex/latex/amsmath/amsgen.sty
File: amsgen.sty 1999/11/30 v2.0 generic functions
\@emptytoks=\toks14
\ex@=\dimen103
))
(/opt/local/share/texmf-texlive/tex/latex/amsmath/amsbsy.sty
Package: amsbsy 1999/11/29 v1.2d Bold Symbols
\pmbraise@=\dimen104
)
(/opt/local/share/texmf-texlive/tex/latex/amsmath/amsopn.sty
Package: amsopn 2016/03/08 v2.02 operator names
)
\inf@bad=\count87
LaTeX Info: Redefining \frac on input line 213.
\uproot@=\count88
\leftroot@=\count89
LaTeX Info: Redefining \overline on input line 375.
\classnum@=\count90
\DOTSCASE@=\count91
LaTeX Info: Redefining \ldots on input line 472.
LaTeX Info: Redefining \dots on input line 475.
LaTeX Info: Redefining \cdots on input line 596.
\Mathstrutbox@=\box26
\strutbox@=\box27
\big@size=\dimen105
LaTeX Font Info:    Redeclaring font encoding OML on input line 712.
LaTeX Font Info:    Redeclaring font encoding OMS on input line 713.
\macc@depth=\count92
\c@MaxMatrixCols=\count93
\dotsspace@=\muskip10
\c@parentequation=\count94
\dspbrk@lvl=\count95
\tag@help=\toks15
\row@=\count96
\column@=\count97
\maxfields@=\count98
\andhelp@=\toks16
\eqnshift@=\dimen106
\alignsep@=\dimen107
\tagshift@=\dimen108
\tagwidth@=\dimen109
\totwidth@=\dimen110
\lineht@=\dimen111
\@envbody=\toks17
\multlinegap=\skip44
\multlinetaggap=\skip45
\mathdisplay@stack=\toks18
LaTeX Info: Redefining \[ on input line 2817.
LaTeX Info: Redefining \] on input line 2818.
)
(/opt/local/share/texmf-texlive/tex/latex/amscls/amsthm.sty
Package: amsthm 2015/03/04 v2.20.2
\thm@style=\toks19
\thm@bodyfont=\toks20
\thm@headfont=\toks21
\thm@notefont=\toks22
\thm@headpunct=\toks23
\thm@preskip=\skip46
\thm@postskip=\skip47
\thm@headsep=\skip48
\dth@everypar=\toks24
)
(/opt/local/share/texmf-texlive/tex/latex/amsfonts/amsfonts.sty
Package: amsfonts 2013/01/14 v3.01 Basic AMSFonts support
\symAMSa=\mathgroup4
\symAMSb=\mathgroup5
LaTeX Font Info:    Overwriting math alphabet `\mathfrak' in version `bold'
(Font)                  U/euf/m/n --> U/euf/b/n on input line 106.
)
(/opt/local/share/texmf-texlive/tex/latex/graphics/color.sty
Package: color 2016/07/10 v1.1e Standard LaTeX Color (DPC)

(/opt/local/share/texmf-texlive/tex/latex/graphics-cfg/color.cfg
File: color.cfg 2016/01/02 v1.6 sample color configuration
)
Package color Info: Driver file: pdftex.def on input line 147.

(/opt/local/share/texmf-texlive/tex/latex/graphics-def/pdftex.def
File: pdftex.def 2017/01/12 v0.06k Graphics/color for pdfTeX

(/opt/local/share/texmf-texlive/tex/generic/oberdiek/infwarerr.sty
Package: infwarerr 2016/05/16 v1.4 Providing info/warning/error messages (HO)
)
(/opt/local/share/texmf-texlive/tex/generic/oberdiek/ltxcmds.sty
Package: ltxcmds 2016/05/16 v1.23 LaTeX kernel commands for general use (HO)
)
\Gread@gobject=\count99
))
(/opt/local/share/texmf-texlive/tex/latex/graphics/graphicx.sty
Package: graphicx 2014/10/28 v1.0g Enhanced LaTeX Graphics (DPC,SPQR)

(/opt/local/share/texmf-texlive/tex/latex/graphics/keyval.sty
Package: keyval 2014/10/28 v1.15 key=value parser (DPC)
\KV@toks@=\toks25
)
(/opt/local/share/texmf-texlive/tex/latex/graphics/graphics.sty
Package: graphics 2017/04/14 v1.1b Standard LaTeX Graphics (DPC,SPQR)

(/opt/local/share/texmf-texlive/tex/latex/graphics/trig.sty
Package: trig 2016/01/03 v1.10 sin cos tan (DPC)
)
(/opt/local/share/texmf-texlive/tex/latex/graphics-cfg/graphics.cfg
File: graphics.cfg 2016/06/04 v1.11 sample graphics configuration
)
Package graphics Info: Driver file: pdftex.def on input line 99.
)
\Gin@req@height=\dimen112
\Gin@req@width=\dimen113
)
(/opt/local/share/texmf-texlive/tex/latex/listings/listings.sty
\lst@mode=\count100
\lst@gtempboxa=\box28
\lst@token=\toks26
\lst@length=\count101
\lst@currlwidth=\dimen114
\lst@column=\count102
\lst@pos=\count103
\lst@lostspace=\dimen115
\lst@width=\dimen116
\lst@newlines=\count104
\lst@lineno=\count105
\lst@maxwidth=\dimen117

(/opt/local/share/texmf-texlive/tex/latex/listings/lstmisc.sty
File: lstmisc.sty 2015/06/04 1.6 (Carsten Heinz)
\c@lstnumber=\count106
\lst@skipnumbers=\count107
\lst@framebox=\box29
)
(/opt/local/share/texmf-texlive/tex/latex/listings/listings.cfg
File: listings.cfg 2015/06/04 1.6 listings configuration
))
Package: listings 2015/06/04 1.6 (Carsten Heinz)

(./Research.aux)
\openout1 = `Research.aux'.

LaTeX Font Info:    Checking defaults for OML/cmm/m/it on input line 15.
LaTeX Font Info:    ... okay on input line 15.
LaTeX Font Info:    Checking defaults for T1/cmr/m/n on input line 15.
LaTeX Font Info:    ... okay on input line 15.
LaTeX Font Info:    Checking defaults for OT1/cmr/m/n on input line 15.
LaTeX Font Info:    ... okay on input line 15.
LaTeX Font Info:    Checking defaults for OMS/cmsy/m/n on input line 15.
LaTeX Font Info:    ... okay on input line 15.
LaTeX Font Info:    Checking defaults for OMX/cmex/m/n on input line 15.
LaTeX Font Info:    ... okay on input line 15.
LaTeX Font Info:    Checking defaults for U/cmr/m/n on input line 15.
LaTeX Font Info:    ... okay on input line 15.

(/opt/local/share/texmf-texlive/tex/context/base/mkii/supp-pdf.mkii
[Loading MPS to PDF converter (version 2006.09.02).]
\scratchcounter=\count108
\scratchdimen=\dimen118
\scratchbox=\box30
\nofMPsegments=\count109
\nofMParguments=\count110
\everyMPshowfont=\toks27
\MPscratchCnt=\count111
\MPscratchDim=\dimen119
\MPnumerator=\count112
\makeMPintoPDFobject=\count113
\everyMPtoPDFconversion=\toks28
) (/opt/local/share/texmf-texlive/tex/generic/oberdiek/pdftexcmds.sty
Package: pdftexcmds 2017/03/19 v0.25 Utility functions of pdfTeX for LuaTeX (HO
)

(/opt/local/share/texmf-texlive/tex/generic/oberdiek/ifluatex.sty
Package: ifluatex 2016/05/16 v1.4 Provides the ifluatex switch (HO)
Package ifluatex Info: LuaTeX not detected.
)
(/opt/local/share/texmf-texlive/tex/generic/oberdiek/ifpdf.sty
Package: ifpdf 2017/03/15 v3.2 Provides the ifpdf switch
)
Package pdftexcmds Info: LuaTeX not detected.
Package pdftexcmds Info: \pdf@primitive is available.
Package pdftexcmds Info: \pdf@ifprimitive is available.
Package pdftexcmds Info: \pdfdraftmode found.
)
(/opt/local/share/texmf-texlive/tex/latex/oberdiek/epstopdf-base.sty
Package: epstopdf-base 2016/05/15 v2.6 Base part for package epstopdf

(/opt/local/share/texmf-texlive/tex/latex/oberdiek/grfext.sty
Package: grfext 2016/05/16 v1.2 Manage graphics extensions (HO)

(/opt/local/share/texmf-texlive/tex/generic/oberdiek/kvdefinekeys.sty
Package: kvdefinekeys 2016/05/16 v1.4 Define keys (HO)
))
(/opt/local/share/texmf-texlive/tex/latex/oberdiek/kvoptions.sty
Package: kvoptions 2016/05/16 v3.12 Key value format for package options (HO)

(/opt/local/share/texmf-texlive/tex/generic/oberdiek/kvsetkeys.sty
Package: kvsetkeys 2016/05/16 v1.17 Key value parser (HO)

(/opt/local/share/texmf-texlive/tex/generic/oberdiek/etexcmds.sty
Package: etexcmds 2016/05/16 v1.6 Avoid name clashes with e-TeX commands (HO)
Package etexcmds Info: Could not find \expanded.
(etexcmds)             That can mean that you are not using pdfTeX 1.50 or
(etexcmds)             that some package has redefined \expanded.
(etexcmds)             In the latter case, load this package earlier.
)))
Package epstopdf-base Info: Redefining graphics rule for `.eps' on input line 4
38.
Package grfext Info: Graphics extension search list:
(grfext)             [.png,.pdf,.jpg,.mps,.jpeg,.jbig2,.jb2,.PNG,.PDF,.JPG,.JPE
G,.JBIG2,.JB2,.eps]
(grfext)             \AppendGraphicsExtensions on input line 456.

(/opt/local/share/texmf-texlive/tex/latex/latexconfig/epstopdf-sys.cfg
File: epstopdf-sys.cfg 2010/07/13 v1.3 Configuration of (r)epstopdf for TeX Liv
e
))
\c@lstlisting=\count114

(/opt/local/share/texmf-texlive/tex/latex/listings/lstlang1.sty
File: lstlang1.sty 2015/06/04 1.6 listings language file
)
(/opt/local/share/texmf-texlive/tex/latex/listings/lstmisc.sty
File: lstmisc.sty 2015/06/04 1.6 (Carsten Heinz)
)
LaTeX Font Info:    Try loading font information for U+msa on input line 33.

(/opt/local/share/texmf-texlive/tex/latex/amsfonts/umsa.fd
File: umsa.fd 2013/01/14 v3.01 AMS symbols A
)
LaTeX Font Info:    Try loading font information for U+msb on input line 33.

(/opt/local/share/texmf-texlive/tex/latex/amsfonts/umsb.fd
File: umsb.fd 2013/01/14 v3.01 AMS symbols B
)
Overfull \hbox (16.24951pt too wide) in paragraph at lines 43--44
[]\OT1/cmr/m/n/10 In this re-search, us-ing Fi-nite El-e-ment Method (FEM) and 
soft-ware FreeFEM++,
 []


Overfull \hbox (8.3304pt too wide) in paragraph at lines 59--60
\OT1/cmr/m/n/10 The weak for-mu-la-tion for equa-tion (1[]) is shown be-low. We
 want to find $\OMS/cmsy/m/n/10 f\OT1/cmr/m/n/10 (\OML/cmm/m/it/10 u; p\OT1/cmr
/m/n/10 )(\OML/cmm/m/it/10 t\OT1/cmr/m/n/10 ) \OMS/cmsy/m/n/10 2
 []

[1

{/opt/local/var/db/texmf/fonts/map/pdftex/updmap/pdftex.map}] [2] [3]
<NS_3D/error_NS_3D.png, id=28, 481.8pt x 361.35pt>
File: NS_3D/error_NS_3D.png Graphic file (type png)
 <use NS_3D/error_NS_3D.png>
Package pdftex.def Info: NS_3D/error_NS_3D.png used on input line 129.
(pdftex.def)             Requested size: 345.0pt x 258.75476pt.


LaTeX Warning: `!h' float specifier changed to `!ht'.

<NS_3D/error_cyl.png, id=29, 481.8pt x 361.35pt>
File: NS_3D/error_cyl.png Graphic file (type png)
 <use NS_3D/error_cyl.png>
Package pdftex.def Info: NS_3D/error_cyl.png used on input line 143.
(pdftex.def)             Requested size: 345.0pt x 258.75476pt.


LaTeX Warning: `!h' float specifier changed to `!ht'.

[4]

LaTeX Warning: Text page 5 contains only floats.


Overfull \vbox (3.3984pt too high) has occurred while \output is active []


[5 <./NS_3D/error_NS_3D.png> <./NS_3D/error_cyl.png>]
<NS_3D/error_tornado.png, id=38, 481.8pt x 361.35pt>
File: NS_3D/error_tornado.png Graphic file (type png)

<use NS_3D/error_tornado.png>
Package pdftex.def Info: NS_3D/error_tornado.png used on input line 166.
(pdftex.def)             Requested size: 345.0pt x 258.75476pt.

<NS_3D/magnitude_tornado.png, id=39, 481.8pt x 361.35pt>
File: NS_3D/magnitude_tornado.png Graphic file (type png)

<use NS_3D/magnitude_tornado.png>
Package pdftex.def Info: NS_3D/magnitude_tornado.png used on input line 172.
(pdftex.def)             Requested size: 345.0pt x 258.75476pt.


LaTeX Warning: `!h' float specifier changed to `!ht'.

<NS_3D/error_curved.png, id=40, 481.8pt x 361.35pt>
File: NS_3D/error_curved.png Graphic file (type png)

<use NS_3D/error_curved.png>
Package pdftex.def Info: NS_3D/error_curved.png used on input line 182.
(pdftex.def)             Requested size: 345.0pt x 258.75476pt.
 <NS_3D/curved.png, id=41, 481.8pt x 361.35pt>
File: NS_3D/curved.png Graphic file (type png)

<use NS_3D/curved.png>
Package pdftex.def Info: NS_3D/curved.png used on input line 188.
(pdftex.def)             Requested size: 345.0pt x 258.75476pt.


LaTeX Warning: `!h' float specifier changed to `!ht'.


LaTeX Warning: `!h' float specifier changed to `!ht'.

[6 <./NS_3D/error_tornado.png>]

LaTeX Warning: Text page 7 contains only floats.


Overfull \vbox (3.3984pt too high) has occurred while \output is active []


[7 <./NS_3D/magnitude_tornado.png> <./NS_3D/error_curved.png>] [8 <./NS_3D/curv
ed.png>] <../../july/Tornado_withswirl.png, id=56, 481.8pt x 361.35pt>
File: ../../july/Tornado_withswirl.png Graphic file (type png)

<use ../../july/Tornado_withswirl.png>
Package pdftex.def Info: ../../july/Tornado_withswirl.png used on input line 20
2.
(pdftex.def)             Requested size: 276.00105pt x 207.00822pt.

<../../july/Tornado_noswirl.png, id=57, 481.8pt x 361.35pt>
File: ../../july/Tornado_noswirl.png Graphic file (type png)

<use ../../july/Tornado_noswirl.png>
Package pdftex.def Info: ../../july/Tornado_noswirl.png used on input line 209.

(pdftex.def)             Requested size: 276.00105pt x 207.00822pt.

<../../july/Curved_withswirl.png, id=58, 481.8pt x 361.35pt>
File: ../../july/Curved_withswirl.png Graphic file (type png)

<use ../../july/Curved_withswirl.png>
Package pdftex.def Info: ../../july/Curved_withswirl.png used on input line 219
.
(pdftex.def)             Requested size: 276.00105pt x 207.00822pt.
 [9 <../../july/Tornado_withswirl.png> <../../july/Tornado_noswirl.png>]
<../../july/Curved_noswirl.png, id=64, 481.8pt x 361.35pt>
File: ../../july/Curved_noswirl.png Graphic file (type png)

<use ../../july/Curved_noswirl.png>
Package pdftex.def Info: ../../july/Curved_noswirl.png used on input line 227.
(pdftex.def)             Requested size: 276.00105pt x 207.00822pt.
 [10 <../../july/Curved_withswirl.png> <../../july/Curved_noswirl.png>] (./Rese
arch.aux) ) 
Here is how much of TeX's memory you used:
 3609 strings out of 492995
 51242 string characters out of 6134533
 141758 words of memory out of 5000000
 7096 multiletter control sequences out of 15000+600000
 12110 words of font info for 47 fonts, out of 8000000 for 9000
 1141 hyphenation exceptions out of 8191
 39i,11n,49p,456b,238s stack positions out of 5000i,500n,10000p,200000b,80000s
</opt/local/share/texmf-texlive/fonts/type1/public/amsfonts/cm/cmbx1
0.pfb></opt/local/share/texmf-texlive/fonts/type1/public/amsfonts/cm/cmbx12.pfb
></opt/local/share/texmf-texlive/fonts/type1/public/amsfonts/cm/cmbx9.pfb></opt
/local/share/texmf-texlive/fonts/type1/public/amsfonts/cm/cmex10.pfb></opt/loca
l/share/texmf-texlive/fonts/type1/public/amsfonts/cm/cmmi10.pfb></opt/local/sha
re/texmf-texlive/fonts/type1/public/amsfonts/cm/cmmi7.pfb></opt/local/share/tex
mf-texlive/fonts/type1/public/amsfonts/cm/cmr10.pfb></opt/local/share/texmf-tex
live/fonts/type1/public/amsfonts/cm/cmr12.pfb></opt/local/share/texmf-texlive/f
onts/type1/public/amsfonts/cm/cmr17.pfb></opt/local/share/texmf-texlive/fonts/t
ype1/public/amsfonts/cm/cmr5.pfb></opt/local/share/texmf-texlive/fonts/type1/pu
blic/amsfonts/cm/cmr7.pfb></opt/local/share/texmf-texlive/fonts/type1/public/am
sfonts/cm/cmr9.pfb></opt/local/share/texmf-texlive/fonts/type1/public/amsfonts/
cm/cmsy10.pfb></opt/local/share/texmf-texlive/fonts/type1/public/amsfonts/cm/cm
sy5.pfb></opt/local/share/texmf-texlive/fonts/type1/public/amsfonts/cm/cmsy7.pf
b></opt/local/share/texmf-texlive/fonts/type1/public/amsfonts/symbols/msbm10.pf
b>
Output written on Research.pdf (10 pages, 251753 bytes).
PDF statistics:
 121 PDF objects out of 1000 (max. 8388607)
 72 compressed objects within 1 object stream
 0 named destinations out of 1000 (max. 500000)
 51 words of extra memory for PDF output out of 10000 (max. 10000000)

